<?xml version="1.0" encoding="UTF-8"?>
<!-- Generated by org.testng.reporters.JUnitReportReporter -->
<testsuite hostname="DESKTOP-CE0H6J5" failures="0" tests="3" name="com.LibraryAPI.DynamicJson" time="2.388" errors="0" timestamp="2023-04-20T14:30:55 IST" skipped="0">
  <testcase classname="com.LibraryAPI.DynamicJson" name="addBook" time="0.154"/>
  <system-out/>
  <testcase classname="com.LibraryAPI.DynamicJson" name="addBook" time="0.150"/>
  <system-out/>
  <testcase classname="com.LibraryAPI.DynamicJson" name="addBook" time="2.084"/>
  <system-out/>
</testsuite> <!-- com.LibraryAPI.DynamicJson -->
