<?xml version="1.0" encoding="UTF-8"?>
<!-- Generated by org.testng.reporters.JUnitReportReporter -->
<testsuite hostname="DESKTOP-CE0H6J5" failures="0" tests="1" name="com.LibraryAPI.StaticJson" time="2.290" errors="0" timestamp="2023-04-20T14:54:42 IST" skipped="0">
  <testcase classname="com.LibraryAPI.StaticJson" name="addPlace" time="2.290"/>
  <system-out/>
</testsuite> <!-- com.LibraryAPI.StaticJson -->
